# JRE version: Java(TM) SE Runtime Environment (9.0+11) (build 9.0.4+11)
# Java VM: Java HotSpot(TM) 64-Bit Server VM (9.0.4+11, mixed mode, tiered, compressed oops, g1 gc, windows-amd64)
Heap:
 garbage-first heap   total 214016K, used 108510K [0x0000000700000000, 0x0000000700100688, 0x00000007c0000000)
  region size 1024K, 14 young (14336K), 2 survivors (2048K)
 Metaspace       used 84082K, capacity 89731K, committed 89856K, reserved 1126400K
  class space    used 11775K, capacity 12772K, committed 12800K, reserved 1048576K
GC Heap History (10 events):
Event: 182.928 GC heap before
{Heap before GC invocations=75 (full 3):
 garbage-first heap   total 214016K, used 156912K [0x0000000700000000, 0x0000000700100688, 0x00000007c0000000)
  region size 1024K, 60 young (61440K), 0 survivors (0K)
 Metaspace       used 82125K, capacity 87013K, committed 87168K, reserved 1124352K
  class space    used 11503K, capacity 12359K, committed 12416K, reserved 1048576K
}
Event: 182.931 GC heap after
{Heap after GC invocations=76 (full 3):
 garbage-first heap   total 214016K, used 96027K [0x0000000700000000, 0x0000000700100688, 0x00000007c0000000)
  region size 1024K, 1 young (1024K), 1 survivors (1024K)
 Metaspace       used 82125K, capacity 87013K, committed 87168K, reserved 1124352K
  class space    used 11503K, capacity 12359K, committed 12416K, reserved 1048576K
}
Event: 184.524 GC heap before
{Heap before GC invocations=76 (full 3):
 garbage-first heap   total 214016K, used 156443K [0x0000000700000000, 0x0000000700100688, 0x00000007c0000000)
  region size 1024K, 60 young (61440K), 1 survivors (1024K)
 Metaspace       used 82472K, capacity 87769K, committed 88064K, reserved 1124352K
  class space    used 11580K, capacity 12489K, committed 12544K, reserved 1048576K
}
Event: 184.526 GC heap after
{Heap after GC invocations=77 (full 3):
 garbage-first heap   total 214016K, used 96385K [0x0000000700000000, 0x0000000700100688, 0x00000007c0000000)
  region size 1024K, 1 young (1024K), 1 survivors (1024K)
 Metaspace       used 82472K, capacity 87769K, committed 88064K, reserved 1124352K
  class space    used 11580K, capacity 12489K, committed 12544K, reserved 1048576K
}
Event: 186.851 GC heap before
{Heap before GC invocations=77 (full 3):
 garbage-first heap   total 214016K, used 156801K [0x0000000700000000, 0x0000000700100688, 0x00000007c0000000)
  region size 1024K, 60 young (61440K), 1 survivors (1024K)
 Metaspace       used 82733K, capacity 88165K, committed 88448K, reserved 1124352K
  class space    used 11616K, capacity 12547K, committed 12672K, reserved 1048576K
}
Event: 186.856 GC heap after
{Heap after GC invocations=78 (full 3):
 garbage-first heap   total 214016K, used 96995K [0x0000000700000000, 0x0000000700100688, 0x00000007c0000000)
  region size 1024K, 2 young (2048K), 2 survivors (2048K)
 Metaspace       used 82733K, capacity 88165K, committed 88448K, reserved 1124352K
  class space    used 11616K, capacity 12547K, committed 12672K, reserved 1048576K
}
Event: 189.213 GC heap before
{Heap before GC invocations=78 (full 3):
 garbage-first heap   total 214016K, used 156387K [0x0000000700000000, 0x0000000700100688, 0x00000007c0000000)
  region size 1024K, 60 young (61440K), 2 survivors (2048K)
 Metaspace       used 84009K, capacity 89687K, committed 89856K, reserved 1126400K
  class space    used 11766K, capacity 12740K, committed 12800K, reserved 1048576K
}
Event: 189.215 GC heap after
{Heap after GC invocations=79 (full 3):
 garbage-first heap   total 214016K, used 97845K [0x0000000700000000, 0x0000000700100688, 0x00000007c0000000)
  region size 1024K, 3 young (3072K), 3 survivors (3072K)
 Metaspace       used 84009K, capacity 89687K, committed 89856K, reserved 1126400K
  class space    used 11766K, capacity 12740K, committed 12800K, reserved 1048576K
}
Event: 189.550 GC heap before
{Heap before GC invocations=79 (full 3):
 garbage-first heap   total 214016K, used 156213K [0x0000000700000000, 0x0000000700100688, 0x00000007c0000000)
  region size 1024K, 60 young (61440K), 3 survivors (3072K)
 Metaspace       used 84021K, capacity 89687K, committed 89856K, reserved 1126400K
  class space    used 11766K, capacity 12740K, committed 12800K, reserved 1048576K
}
Event: 189.552 GC heap after
{Heap after GC invocations=80 (full 3):
 garbage-first heap   total 214016K, used 97246K [0x0000000700000000, 0x0000000700100688, 0x00000007c0000000)
  region size 1024K, 2 young (2048K), 2 survivors (2048K)
 Metaspace       used 84021K, capacity 89687K, committed 89856K, reserved 1126400K
  class space    used 11766K, capacity 12740K, committed 12800K, reserved 1048576K
}

