# JRE version: Java(TM) SE Runtime Environment (8.0_112-b15) (build 1.8.0_112-b15)
# Java VM: Java HotSpot(TM) 64-Bit Server VM (25.112-b15 mixed mode windows-amd64 compressed oops)
Heap:
 PSYoungGen      total 47616K, used 12996K [0x00000007bc400000, 0x00000007c0000000, 0x00000007c0000000)
  eden space 33792K, 34% used [0x00000007bc400000,0x00000007bcf5b6f8,0x00000007be500000)
  from space 13824K, 9% used [0x00000007bf280000,0x00000007bf3d5b70,0x00000007c0000000)
  to   space 13824K, 0% used [0x00000007be500000,0x00000007be500000,0x00000007bf280000)
 ParOldGen       total 179200K, used 116487K [0x0000000700000000, 0x000000070af00000, 0x00000007bc400000)
  object space 179200K, 65% used [0x0000000700000000,0x00000007071c1f68,0x000000070af00000)
 Metaspace       used 82901K, capacity 83729K, committed 84480K, reserved 1122304K
  class space    used 11356K, capacity 11517K, committed 11520K, reserved 1048576K
GC Heap History (10 events):
Event: 24660.303 GC heap before
{Heap before GC invocations=2201 (full 529):
 PSYoungGen      total 46592K, used 33568K [0x00000007bc400000, 0x00000007c0000000, 0x00000007c0000000)
  eden space 31744K, 100% used [0x00000007bc400000,0x00000007be300000,0x00000007be300000)
  from space 14848K, 12% used [0x00000007be300000,0x00000007be4c8000,0x00000007bf180000)
  to   space 14848K, 0% used [0x00000007bf180000,0x00000007bf180000,0x00000007c0000000)
 ParOldGen       total 179200K, used 115639K [0x0000000700000000, 0x000000070af00000, 0x00000007bc400000)
  object space 179200K, 64% used [0x0000000700000000,0x00000007070edf80,0x000000070af00000)
 Metaspace       used 82901K, capacity 83729K, committed 84480K, reserved 1122304K
  class space    used 11356K, capacity 11517K, committed 11520K, reserved 1048576K
Event: 24660.307 GC heap after
Heap after GC invocations=2201 (full 529):
 PSYoungGen      total 46592K, used 1824K [0x00000007bc400000, 0x00000007c0000000, 0x00000007c0000000)
  eden space 31744K, 0% used [0x00000007bc400000,0x00000007bc400000,0x00000007be300000)
  from space 14848K, 12% used [0x00000007bf180000,0x00000007bf348000,0x00000007c0000000)
  to   space 14848K, 0% used [0x00000007be300000,0x00000007be300000,0x00000007bf180000)
 ParOldGen       total 179200K, used 115703K [0x0000000700000000, 0x000000070af00000, 0x00000007bc400000)
  object space 179200K, 64% used [0x0000000700000000,0x00000007070fdf80,0x000000070af00000)
 Metaspace       used 82901K, capacity 83729K, committed 84480K, reserved 1122304K
  class space    used 11356K, capacity 11517K, committed 11520K, reserved 1048576K
}
Event: 24667.003 GC heap before
{Heap before GC invocations=2202 (full 529):
 PSYoungGen      total 46592K, used 33568K [0x00000007bc400000, 0x00000007c0000000, 0x00000007c0000000)
  eden space 31744K, 100% used [0x00000007bc400000,0x00000007be300000,0x00000007be300000)
  from space 14848K, 12% used [0x00000007bf180000,0x00000007bf348000,0x00000007c0000000)
  to   space 14848K, 0% used [0x00000007be300000,0x00000007be300000,0x00000007bf180000)
 ParOldGen       total 179200K, used 115703K [0x0000000700000000, 0x000000070af00000, 0x00000007bc400000)
  object space 179200K, 64% used [0x0000000700000000,0x00000007070fdf80,0x000000070af00000)
 Metaspace       used 82901K, capacity 83729K, committed 84480K, reserved 1122304K
  class space    used 11356K, capacity 11517K, committed 11520K, reserved 1048576K
Event: 24667.007 GC heap after
Heap after GC invocations=2202 (full 529):
 PSYoungGen      total 46592K, used 1718K [0x00000007bc400000, 0x00000007c0000000, 0x00000007c0000000)
  eden space 31744K, 0% used [0x00000007bc400000,0x00000007bc400000,0x00000007be300000)
  from space 14848K, 11% used [0x00000007be300000,0x00000007be4adb70,0x00000007bf180000)
  to   space 14336K, 0% used [0x00000007bf200000,0x00000007bf200000,0x00000007c0000000)
 ParOldGen       total 179200K, used 115751K [0x0000000700000000, 0x000000070af00000, 0x00000007bc400000)
  object space 179200K, 64% used [0x0000000700000000,0x0000000707109f80,0x000000070af00000)
 Metaspace       used 82901K, capacity 83729K, committed 84480K, reserved 1122304K
  class space    used 11356K, capacity 11517K, committed 11520K, reserved 1048576K
}
Event: 24667.289 GC heap before
{Heap before GC invocations=2203 (full 529):
 PSYoungGen      total 46592K, used 33462K [0x00000007bc400000, 0x00000007c0000000, 0x00000007c0000000)
  eden space 31744K, 100% used [0x00000007bc400000,0x00000007be300000,0x00000007be300000)
  from space 14848K, 11% used [0x00000007be300000,0x00000007be4adb70,0x00000007bf180000)
  to   space 14336K, 0% used [0x00000007bf200000,0x00000007bf200000,0x00000007c0000000)
 ParOldGen       total 179200K, used 115751K [0x0000000700000000, 0x000000070af00000, 0x00000007bc400000)
  object space 179200K, 64% used [0x0000000700000000,0x0000000707109f80,0x000000070af00000)
 Metaspace       used 82901K, capacity 83729K, committed 84480K, reserved 1122304K
  class space    used 11356K, capacity 11517K, committed 11520K, reserved 1048576K
Event: 24667.294 GC heap after
Heap after GC invocations=2203 (full 529):
 PSYoungGen      total 47104K, used 1814K [0x00000007bc400000, 0x00000007c0000000, 0x00000007c0000000)
  eden space 32768K, 0% used [0x00000007bc400000,0x00000007bc400000,0x00000007be400000)
  from space 14336K, 12% used [0x00000007bf200000,0x00000007bf3c5b70,0x00000007c0000000)
  to   space 14336K, 0% used [0x00000007be400000,0x00000007be400000,0x00000007bf200000)
 ParOldGen       total 179200K, used 115839K [0x0000000700000000, 0x000000070af00000, 0x00000007bc400000)
  object space 179200K, 64% used [0x0000000700000000,0x000000070711ff80,0x000000070af00000)
 Metaspace       used 82901K, capacity 83729K, committed 84480K, reserved 1122304K
  class space    used 11356K, capacity 11517K, committed 11520K, reserved 1048576K
}
Event: 24668.963 GC heap before
{Heap before GC invocations=2204 (full 529):
 PSYoungGen      total 47104K, used 34582K [0x00000007bc400000, 0x00000007c0000000, 0x00000007c0000000)
  eden space 32768K, 100% used [0x00000007bc400000,0x00000007be400000,0x00000007be400000)
  from space 14336K, 12% used [0x00000007bf200000,0x00000007bf3c5b70,0x00000007c0000000)
  to   space 14336K, 0% used [0x00000007be400000,0x00000007be400000,0x00000007bf200000)
 ParOldGen       total 179200K, used 115839K [0x0000000700000000, 0x000000070af00000, 0x00000007bc400000)
  object space 179200K, 64% used [0x0000000700000000,0x000000070711ff80,0x000000070af00000)
 Metaspace       used 82901K, capacity 83729K, committed 84480K, reserved 1122304K
  class space    used 11356K, capacity 11517K, committed 11520K, reserved 1048576K
Event: 24668.967 GC heap after
Heap after GC invocations=2204 (full 529):
 PSYoungGen      total 47104K, used 1334K [0x00000007bc400000, 0x00000007c0000000, 0x00000007c0000000)
  eden space 32768K, 0% used [0x00000007bc400000,0x00000007bc400000,0x00000007be400000)
  from space 14336K, 9% used [0x00000007be400000,0x00000007be54db70,0x00000007bf200000)
  to   space 13824K, 0% used [0x00000007bf280000,0x00000007bf280000,0x00000007c0000000)
 ParOldGen       total 179200K, used 116399K [0x0000000700000000, 0x000000070af00000, 0x00000007bc400000)
  object space 179200K, 64% used [0x0000000700000000,0x00000007071abf68,0x000000070af00000)
 Metaspace       used 82901K, capacity 83729K, committed 84480K, reserved 1122304K
  class space    used 11356K, capacity 11517K, committed 11520K, reserved 1048576K
}
Event: 24672.537 GC heap before
{Heap before GC invocations=2205 (full 529):
 PSYoungGen      total 47104K, used 34102K [0x00000007bc400000, 0x00000007c0000000, 0x00000007c0000000)
  eden space 32768K, 100% used [0x00000007bc400000,0x00000007be400000,0x00000007be400000)
  from space 14336K, 9% used [0x00000007be400000,0x00000007be54db70,0x00000007bf200000)
  to   space 13824K, 0% used [0x00000007bf280000,0x00000007bf280000,0x00000007c0000000)
 ParOldGen       total 179200K, used 116399K [0x0000000700000000, 0x000000070af00000, 0x00000007bc400000)
  object space 179200K, 64% used [0x0000000700000000,0x00000007071abf68,0x000000070af00000)
 Metaspace       used 82901K, capacity 83729K, committed 84480K, reserved 1122304K
  class space    used 11356K, capacity 11517K, committed 11520K, reserved 1048576K
Event: 24672.545 GC heap after
Heap after GC invocations=2205 (full 529):
 PSYoungGen      total 47616K, used 1366K [0x00000007bc400000, 0x00000007c0000000, 0x00000007c0000000)
  eden space 33792K, 0% used [0x00000007bc400000,0x00000007bc400000,0x00000007be500000)
  from space 13824K, 9% used [0x00000007bf280000,0x00000007bf3d5b70,0x00000007c0000000)
  to   space 13824K, 0% used [0x00000007be500000,0x00000007be500000,0x00000007bf280000)
 ParOldGen       total 179200K, used 116487K [0x0000000700000000, 0x000000070af00000, 0x00000007bc400000)
  object space 179200K, 65% used [0x0000000700000000,0x00000007071c1f68,0x000000070af00000)
 Metaspace       used 82901K, capacity 83729K, committed 84480K, reserved 1122304K
  class space    used 11356K, capacity 11517K, committed 11520K, reserved 1048576K
}

